<?xml version="1.0" encoding="UTF-8"?>
<testsuites name="jest tests" tests="2" failures="0" errors="0" time="4.682">
  <testsuite name="undefined" errors="0" failures="0" skipped="0" timestamp="2024-11-13T18:28:06" time="0.613" tests="1">
    <testcase classname=" soma de 1 + 2 é igual a 3" name=" soma de 1 + 2 é igual a 3" time="0.007">
    </testcase>
  </testsuite>
  <testsuite name="undefined" errors="0" failures="0" skipped="0" timestamp="2024-11-13T18:28:06" time="4.115" tests="1">
    <testcase classname=" renders correctly" name=" renders correctly" time="0.996">
    </testcase>
  </testsuite>
</testsuites>