<?xml version="1.0" encoding="UTF-8"?>
<testsuites name="jest tests" tests="2" failures="0" errors="0" time="1.316">
  <testsuite name="undefined" errors="0" failures="0" skipped="0" timestamp="2024-11-13T18:42:58" time="0.568" tests="1">
    <testcase classname=" soma de 1 + 2 é igual a 3" name=" soma de 1 + 2 é igual a 3" time="0.008">
    </testcase>
  </testsuite>
  <testsuite name="undefined" errors="0" failures="0" skipped="0" timestamp="2024-11-13T18:42:58" time="0.805" tests="1">
    <testcase classname=" renders correctly" name=" renders correctly" time="0.102">
    </testcase>
  </testsuite>
</testsuites>